<?xml version="1.0" encoding="UTF-8"?>
<!-- Generated by org.testng.reporters.JUnitReportReporter -->
<testsuite skipped="0" hostname="CAGTAM1074143" name="demo.Enrollment" tests="1" failures="0" timestamp="11 Nov 2017 02:23:09 GMT" time="9.704" errors="0">
  <testcase name="enrollment" time="9.704" classname="demo.Enrollment"/>
</testsuite> <!-- demo.Enrollment -->
