<?xml version="1.0" encoding="UTF-8"?>
<!-- Generated by org.testng.reporters.JUnitReportReporter -->
<testsuite skipped="0" hostname="CAGTAM1074143" name="demo.FirstSWDTest" tests="1" failures="0" timestamp="11 Nov 2017 02:32:15 GMT" time="13.864" errors="0">
  <testcase name="example" time="13.864" classname="demo.FirstSWDTest"/>
</testsuite> <!-- demo.FirstSWDTest -->
