<?xml version="1.0" encoding="UTF-8"?>
<!-- Generated by org.testng.reporters.JUnitReportReporter -->
<testsuite skipped="0" hostname="CAGTAM1074143" name="demo.EnrollmentWithTestNGParam" tests="1" failures="0" timestamp="13 Jan 2018 02:05:17 GMT" time="9.839" errors="0">
  <testcase name="enrollment123" time="9.839" classname="demo.EnrollmentWithTestNGParam"/>
</testsuite> <!-- demo.EnrollmentWithTestNGParam -->
