<?xml version="1.0" encoding="UTF-8"?>
<!-- Generated by org.testng.reporters.JUnitReportReporter -->
<testsuite skipped="0" hostname="CAGTAM1074143" name="demo.EnrollmentWithTestNGDataProvider" tests="4" failures="0" timestamp="11 Jan 2018 14:45:40 GMT" time="21.213" errors="0">
  <testcase name="enrollment" time="5.478" classname="demo.EnrollmentWithTestNGDataProvider"/>
  <testcase name="enrollment" time="4.869" classname="demo.EnrollmentWithTestNGDataProvider"/>
  <testcase name="enrollment" time="5.745" classname="demo.EnrollmentWithTestNGDataProvider"/>
  <testcase name="enrollment" time="5.121" classname="demo.EnrollmentWithTestNGDataProvider"/>
</testsuite> <!-- demo.EnrollmentWithTestNGDataProvider -->
